INFO [2019-10-29 11:33:43] $x
INFO [2019-10-29 11:33:43] list(list.K_DeepCast_65m_m2_236, list.K_OffShore_40m_m2_103, 
INFO [2019-10-29 11:33:43]     list.M_DeepCast_65m_m2_071)
INFO [2019-10-29 11:33:43] 
INFO [2019-10-29 11:33:43] $category.names
INFO [2019-10-29 11:33:43] c("K_DeepCast_65m_m2_236", "K_OffShore_40m_m2_103", "M_DeepCast_65m_m2_071")
INFO [2019-10-29 11:33:43] 
INFO [2019-10-29 11:33:43] $filename
INFO [2019-10-29 11:33:43] [1] "~/Box/PhD/Research/Lake-Tanganyika/1_Code/VennDiagram-CP/CP_Tanganyikbacteria_venn_diagramm.svg"
INFO [2019-10-29 11:33:43] 
INFO [2019-10-29 11:33:43] $output
INFO [2019-10-29 11:33:43] [1] TRUE
INFO [2019-10-29 11:33:43] 
INFO [2019-10-29 11:33:43] $imagetype
INFO [2019-10-29 11:33:43] [1] "svg"
INFO [2019-10-29 11:33:43] 
INFO [2019-10-29 11:33:43] $units
INFO [2019-10-29 11:33:43] [1] "px"
INFO [2019-10-29 11:33:43] 
INFO [2019-10-29 11:33:43] $height
INFO [2019-10-29 11:33:43] [1] 100
INFO [2019-10-29 11:33:43] 
INFO [2019-10-29 11:33:43] $width
INFO [2019-10-29 11:33:43] [1] 100
INFO [2019-10-29 11:33:43] 
INFO [2019-10-29 11:33:43] $resolution
INFO [2019-10-29 11:33:43] [1] 300
INFO [2019-10-29 11:33:43] 
INFO [2019-10-29 11:33:43] $compression
INFO [2019-10-29 11:33:43] [1] "lzw"
INFO [2019-10-29 11:33:43] 
INFO [2019-10-29 11:33:43] $lwd
INFO [2019-10-29 11:33:43] [1] 2
INFO [2019-10-29 11:33:43] 
INFO [2019-10-29 11:33:43] $lty
INFO [2019-10-29 11:33:43] [1] "blank"
INFO [2019-10-29 11:33:43] 
INFO [2019-10-29 11:33:43] $fill
INFO [2019-10-29 11:33:43] myCol
INFO [2019-10-29 11:33:43] 
INFO [2019-10-29 11:33:43] $cex
INFO [2019-10-29 11:33:43] [1] 0.6
INFO [2019-10-29 11:33:43] 
INFO [2019-10-29 11:33:43] $fontface
INFO [2019-10-29 11:33:43] [1] "bold"
INFO [2019-10-29 11:33:43] 
INFO [2019-10-29 11:33:43] $fontfamily
INFO [2019-10-29 11:33:43] [1] "sans"
INFO [2019-10-29 11:33:43] 
INFO [2019-10-29 11:33:43] $cat.cex
INFO [2019-10-29 11:33:43] [1] 0.6
INFO [2019-10-29 11:33:43] 
INFO [2019-10-29 11:33:43] $cat.fontface
INFO [2019-10-29 11:33:43] [1] "bold"
INFO [2019-10-29 11:33:43] 
INFO [2019-10-29 11:33:43] $cat.default.pos
INFO [2019-10-29 11:33:43] [1] "outer"
INFO [2019-10-29 11:33:43] 
INFO [2019-10-29 11:33:43] $cat.pos
INFO [2019-10-29 11:33:43] c(-27, 27, 135)
INFO [2019-10-29 11:33:43] 
INFO [2019-10-29 11:33:43] $cat.dist
INFO [2019-10-29 11:33:43] c(0.055, 0.055, 0.085)
INFO [2019-10-29 11:33:43] 
INFO [2019-10-29 11:33:43] $cat.fontfamily
INFO [2019-10-29 11:33:43] [1] "sans"
INFO [2019-10-29 11:33:43] 
INFO [2019-10-29 11:33:43] $rotation
INFO [2019-10-29 11:33:43] [1] 1
INFO [2019-10-29 11:33:43] 
