INFO [2019-10-29 11:34:19] $x
INFO [2019-10-29 11:34:19] list(list.K_DeepCast_65m_m2_236, list.K_OffShore_40m_m2_103, 
INFO [2019-10-29 11:34:19]     list.M_DeepCast_65m_m2_071)
INFO [2019-10-29 11:34:19] 
INFO [2019-10-29 11:34:19] $category.names
INFO [2019-10-29 11:34:19] c("K_DeepCast_65m_m2_236", "K_OffShore_40m_m2_103", "M_DeepCast_65m_m2_071")
INFO [2019-10-29 11:34:19] 
INFO [2019-10-29 11:34:19] $filename
INFO [2019-10-29 11:34:19] [1] "~/Box/PhD/Research/Lake-Tanganyika/1_Code/VennDiagram-CP/CP_Tanganyikbacteria_venn_diagramm.svg"
INFO [2019-10-29 11:34:19] 
INFO [2019-10-29 11:34:19] $output
INFO [2019-10-29 11:34:19] [1] TRUE
INFO [2019-10-29 11:34:19] 
INFO [2019-10-29 11:34:19] $imagetype
INFO [2019-10-29 11:34:19] [1] "tiff"
INFO [2019-10-29 11:34:19] 
INFO [2019-10-29 11:34:19] $scaled
INFO [2019-10-29 11:34:19] [1] TRUE
INFO [2019-10-29 11:34:19] 
INFO [2019-10-29 11:34:19] $units
INFO [2019-10-29 11:34:19] [1] "px"
INFO [2019-10-29 11:34:19] 
INFO [2019-10-29 11:34:19] $resolution
INFO [2019-10-29 11:34:19] [1] 300
INFO [2019-10-29 11:34:19] 
INFO [2019-10-29 11:34:19] $compression
INFO [2019-10-29 11:34:19] [1] "lzw"
INFO [2019-10-29 11:34:19] 
INFO [2019-10-29 11:34:19] $lwd
INFO [2019-10-29 11:34:19] [1] 2
INFO [2019-10-29 11:34:19] 
INFO [2019-10-29 11:34:19] $lty
INFO [2019-10-29 11:34:19] [1] "blank"
INFO [2019-10-29 11:34:19] 
INFO [2019-10-29 11:34:19] $fill
INFO [2019-10-29 11:34:19] myCol
INFO [2019-10-29 11:34:19] 
INFO [2019-10-29 11:34:19] $cex
INFO [2019-10-29 11:34:19] [1] 0.6
INFO [2019-10-29 11:34:19] 
INFO [2019-10-29 11:34:19] $fontface
INFO [2019-10-29 11:34:19] [1] "bold"
INFO [2019-10-29 11:34:19] 
INFO [2019-10-29 11:34:19] $fontfamily
INFO [2019-10-29 11:34:19] [1] "sans"
INFO [2019-10-29 11:34:19] 
INFO [2019-10-29 11:34:19] $cat.cex
INFO [2019-10-29 11:34:19] [1] 0.6
INFO [2019-10-29 11:34:19] 
INFO [2019-10-29 11:34:19] $cat.fontface
INFO [2019-10-29 11:34:19] [1] "bold"
INFO [2019-10-29 11:34:19] 
INFO [2019-10-29 11:34:19] $cat.default.pos
INFO [2019-10-29 11:34:19] [1] "outer"
INFO [2019-10-29 11:34:19] 
INFO [2019-10-29 11:34:19] $cat.pos
INFO [2019-10-29 11:34:19] c(-27, 27, 135)
INFO [2019-10-29 11:34:19] 
INFO [2019-10-29 11:34:19] $cat.dist
INFO [2019-10-29 11:34:19] c(0.055, 0.055, 0.085)
INFO [2019-10-29 11:34:19] 
INFO [2019-10-29 11:34:19] $cat.fontfamily
INFO [2019-10-29 11:34:19] [1] "sans"
INFO [2019-10-29 11:34:19] 
INFO [2019-10-29 11:34:19] $rotation
INFO [2019-10-29 11:34:19] [1] 1
INFO [2019-10-29 11:34:19] 
