INFO [2019-10-29 11:32:20] $x
INFO [2019-10-29 11:32:20] list(list.K_DeepCast_65m_m2_236, list.K_OffShore_40m_m2_103, 
INFO [2019-10-29 11:32:20]     list.M_DeepCast_65m_m2_071)
INFO [2019-10-29 11:32:20] 
INFO [2019-10-29 11:32:20] $category.names
INFO [2019-10-29 11:32:20] c("K_DeepCast_65m_m2_236", "K_OffShore_40m_m2_103", "M_DeepCast_65m_m2_071")
INFO [2019-10-29 11:32:20] 
INFO [2019-10-29 11:32:20] $filename
INFO [2019-10-29 11:32:20] [1] "~/Box/PhD/Research/Lake-Tanganyika/1_Code/VennDiagram-CP/CP_Tanganyikbacteria_venn_diagramm.svg"
INFO [2019-10-29 11:32:20] 
INFO [2019-10-29 11:32:20] $output
INFO [2019-10-29 11:32:20] [1] TRUE
INFO [2019-10-29 11:32:20] 
INFO [2019-10-29 11:32:20] $imagetype
INFO [2019-10-29 11:32:20] [1] "svg"
INFO [2019-10-29 11:32:20] 
INFO [2019-10-29 11:32:20] $height
INFO [2019-10-29 11:32:20] [1] 480
INFO [2019-10-29 11:32:20] 
INFO [2019-10-29 11:32:20] $width
INFO [2019-10-29 11:32:20] [1] 480
INFO [2019-10-29 11:32:20] 
INFO [2019-10-29 11:32:20] $resolution
INFO [2019-10-29 11:32:20] [1] 300
INFO [2019-10-29 11:32:20] 
INFO [2019-10-29 11:32:20] $compression
INFO [2019-10-29 11:32:20] [1] "lzw"
INFO [2019-10-29 11:32:20] 
INFO [2019-10-29 11:32:20] $lwd
INFO [2019-10-29 11:32:20] [1] 2
INFO [2019-10-29 11:32:20] 
INFO [2019-10-29 11:32:20] $lty
INFO [2019-10-29 11:32:20] [1] "blank"
INFO [2019-10-29 11:32:20] 
INFO [2019-10-29 11:32:20] $fill
INFO [2019-10-29 11:32:20] myCol
INFO [2019-10-29 11:32:20] 
INFO [2019-10-29 11:32:20] $cex
INFO [2019-10-29 11:32:20] [1] 0.6
INFO [2019-10-29 11:32:20] 
INFO [2019-10-29 11:32:20] $fontface
INFO [2019-10-29 11:32:20] [1] "bold"
INFO [2019-10-29 11:32:20] 
INFO [2019-10-29 11:32:20] $fontfamily
INFO [2019-10-29 11:32:20] [1] "sans"
INFO [2019-10-29 11:32:20] 
INFO [2019-10-29 11:32:20] $cat.cex
INFO [2019-10-29 11:32:20] [1] 0.6
INFO [2019-10-29 11:32:20] 
INFO [2019-10-29 11:32:20] $cat.fontface
INFO [2019-10-29 11:32:20] [1] "bold"
INFO [2019-10-29 11:32:20] 
INFO [2019-10-29 11:32:20] $cat.default.pos
INFO [2019-10-29 11:32:20] [1] "outer"
INFO [2019-10-29 11:32:20] 
INFO [2019-10-29 11:32:20] $cat.pos
INFO [2019-10-29 11:32:20] c(-27, 27, 135)
INFO [2019-10-29 11:32:20] 
INFO [2019-10-29 11:32:20] $cat.dist
INFO [2019-10-29 11:32:20] c(0.055, 0.055, 0.085)
INFO [2019-10-29 11:32:20] 
INFO [2019-10-29 11:32:20] $cat.fontfamily
INFO [2019-10-29 11:32:20] [1] "sans"
INFO [2019-10-29 11:32:20] 
INFO [2019-10-29 11:32:20] $rotation
INFO [2019-10-29 11:32:20] [1] 1
INFO [2019-10-29 11:32:20] 
