INFO [2019-10-29 11:37:57] $x
INFO [2019-10-29 11:37:57] list(list.K_DeepCast_65m_m2_236, list.K_OffShore_40m_m2_103, 
INFO [2019-10-29 11:37:57]     list.M_DeepCast_65m_m2_071)
INFO [2019-10-29 11:37:57] 
INFO [2019-10-29 11:37:57] $category.names
INFO [2019-10-29 11:37:57] c("K_DeepCast_65m_m2_236", "K_OffShore_40m_m2_103", "M_DeepCast_65m_m2_071")
INFO [2019-10-29 11:37:57] 
INFO [2019-10-29 11:37:57] $filename
INFO [2019-10-29 11:37:57] [1] "~/Box/PhD/Research/Lake-Tanganyika/1_Code/VennDiagram-CP/CP_Tanganyikbacteria_venn_diagramm"
INFO [2019-10-29 11:37:57] 
INFO [2019-10-29 11:37:57] $output
INFO [2019-10-29 11:37:57] [1] TRUE
INFO [2019-10-29 11:37:57] 
INFO [2019-10-29 11:37:57] $imagetype
INFO [2019-10-29 11:37:57] [1] "tiff"
INFO [2019-10-29 11:37:57] 
INFO [2019-10-29 11:37:57] $scaled
INFO [2019-10-29 11:37:57] [1] TRUE
INFO [2019-10-29 11:37:57] 
INFO [2019-10-29 11:37:57] $units
INFO [2019-10-29 11:37:57] [1] "px"
INFO [2019-10-29 11:37:57] 
INFO [2019-10-29 11:37:57] $resolution
INFO [2019-10-29 11:37:57] [1] 300
INFO [2019-10-29 11:37:57] 
INFO [2019-10-29 11:37:57] $compression
INFO [2019-10-29 11:37:57] [1] "lzw"
INFO [2019-10-29 11:37:57] 
INFO [2019-10-29 11:37:57] $lwd
INFO [2019-10-29 11:37:57] [1] 2
INFO [2019-10-29 11:37:57] 
INFO [2019-10-29 11:37:57] $lty
INFO [2019-10-29 11:37:57] [1] "blank"
INFO [2019-10-29 11:37:57] 
INFO [2019-10-29 11:37:57] $fill
INFO [2019-10-29 11:37:57] myCol
INFO [2019-10-29 11:37:57] 
INFO [2019-10-29 11:37:57] $cex
INFO [2019-10-29 11:37:57] [1] 0.6
INFO [2019-10-29 11:37:57] 
INFO [2019-10-29 11:37:57] $fontface
INFO [2019-10-29 11:37:57] [1] "bold"
INFO [2019-10-29 11:37:57] 
INFO [2019-10-29 11:37:57] $fontfamily
INFO [2019-10-29 11:37:57] [1] "sans"
INFO [2019-10-29 11:37:57] 
INFO [2019-10-29 11:37:57] $cat.cex
INFO [2019-10-29 11:37:57] [1] 0.6
INFO [2019-10-29 11:37:57] 
INFO [2019-10-29 11:37:57] $cat.fontface
INFO [2019-10-29 11:37:57] [1] "bold"
INFO [2019-10-29 11:37:57] 
INFO [2019-10-29 11:37:57] $cat.default.pos
INFO [2019-10-29 11:37:57] [1] "outer"
INFO [2019-10-29 11:37:57] 
INFO [2019-10-29 11:37:57] $cat.pos
INFO [2019-10-29 11:37:57] c(-27, 27, 135)
INFO [2019-10-29 11:37:57] 
INFO [2019-10-29 11:37:57] $cat.dist
INFO [2019-10-29 11:37:57] c(0.055, 0.055, 0.085)
INFO [2019-10-29 11:37:57] 
INFO [2019-10-29 11:37:57] $cat.fontfamily
INFO [2019-10-29 11:37:57] [1] "sans"
INFO [2019-10-29 11:37:57] 
INFO [2019-10-29 11:37:57] $rotation
INFO [2019-10-29 11:37:57] [1] 1
INFO [2019-10-29 11:37:57] 
