INFO [2019-10-29 11:34:32] $x
INFO [2019-10-29 11:34:32] list(list.K_DeepCast_65m_m2_236, list.K_OffShore_40m_m2_103, 
INFO [2019-10-29 11:34:32]     list.M_DeepCast_65m_m2_071)
INFO [2019-10-29 11:34:32] 
INFO [2019-10-29 11:34:32] $category.names
INFO [2019-10-29 11:34:32] c("K_DeepCast_65m_m2_236", "K_OffShore_40m_m2_103", "M_DeepCast_65m_m2_071")
INFO [2019-10-29 11:34:32] 
INFO [2019-10-29 11:34:32] $filename
INFO [2019-10-29 11:34:32] [1] "~/Box/PhD/Research/Lake-Tanganyika/1_Code/VennDiagram-CP/CP_Tanganyikbacteria_venn_diagramm"
INFO [2019-10-29 11:34:32] 
INFO [2019-10-29 11:34:32] $output
INFO [2019-10-29 11:34:32] [1] TRUE
INFO [2019-10-29 11:34:32] 
INFO [2019-10-29 11:34:32] $imagetype
INFO [2019-10-29 11:34:32] [1] "tiff"
INFO [2019-10-29 11:34:32] 
INFO [2019-10-29 11:34:32] $scaled
INFO [2019-10-29 11:34:32] [1] TRUE
INFO [2019-10-29 11:34:32] 
INFO [2019-10-29 11:34:32] $units
INFO [2019-10-29 11:34:32] [1] "px"
INFO [2019-10-29 11:34:32] 
INFO [2019-10-29 11:34:32] $resolution
INFO [2019-10-29 11:34:32] [1] 300
INFO [2019-10-29 11:34:32] 
INFO [2019-10-29 11:34:32] $compression
INFO [2019-10-29 11:34:32] [1] "lzw"
INFO [2019-10-29 11:34:32] 
INFO [2019-10-29 11:34:32] $lwd
INFO [2019-10-29 11:34:32] [1] 2
INFO [2019-10-29 11:34:32] 
INFO [2019-10-29 11:34:32] $lty
INFO [2019-10-29 11:34:32] [1] "blank"
INFO [2019-10-29 11:34:32] 
INFO [2019-10-29 11:34:32] $fill
INFO [2019-10-29 11:34:32] myCol
INFO [2019-10-29 11:34:32] 
INFO [2019-10-29 11:34:32] $cex
INFO [2019-10-29 11:34:32] [1] 0.6
INFO [2019-10-29 11:34:32] 
INFO [2019-10-29 11:34:32] $fontface
INFO [2019-10-29 11:34:32] [1] "bold"
INFO [2019-10-29 11:34:32] 
INFO [2019-10-29 11:34:32] $fontfamily
INFO [2019-10-29 11:34:32] [1] "sans"
INFO [2019-10-29 11:34:32] 
INFO [2019-10-29 11:34:32] $cat.cex
INFO [2019-10-29 11:34:32] [1] 0.6
INFO [2019-10-29 11:34:32] 
INFO [2019-10-29 11:34:32] $cat.fontface
INFO [2019-10-29 11:34:32] [1] "bold"
INFO [2019-10-29 11:34:32] 
INFO [2019-10-29 11:34:32] $cat.default.pos
INFO [2019-10-29 11:34:32] [1] "outer"
INFO [2019-10-29 11:34:32] 
INFO [2019-10-29 11:34:32] $cat.pos
INFO [2019-10-29 11:34:32] c(-27, 27, 135)
INFO [2019-10-29 11:34:32] 
INFO [2019-10-29 11:34:32] $cat.dist
INFO [2019-10-29 11:34:32] c(0.055, 0.055, 0.085)
INFO [2019-10-29 11:34:32] 
INFO [2019-10-29 11:34:32] $cat.fontfamily
INFO [2019-10-29 11:34:32] [1] "sans"
INFO [2019-10-29 11:34:32] 
INFO [2019-10-29 11:34:32] $rotation
INFO [2019-10-29 11:34:32] [1] 1
INFO [2019-10-29 11:34:32] 
