INFO [2019-10-29 11:39:22] $x
INFO [2019-10-29 11:39:22] list(list.K_DeepCast_100m_m2_001, list.K_DeepCast_100m_m2_307, 
INFO [2019-10-29 11:39:22]     list.K_DeepCast_100m_m2_321)
INFO [2019-10-29 11:39:22] 
INFO [2019-10-29 11:39:22] $category.names
INFO [2019-10-29 11:39:22] c("K_DeepCast_100m_m2_0016", "K_DeepCast_100m_m2_307", "K_DeepCast_100m_m2_321")
INFO [2019-10-29 11:39:22] 
INFO [2019-10-29 11:39:22] $filename
INFO [2019-10-29 11:39:22] [1] "~/Box/PhD/Research/Lake-Tanganyika/1_Code/VennDiagram-CP/CP_Ziwabacteria_venn_diagramm.tiff"
INFO [2019-10-29 11:39:22] 
INFO [2019-10-29 11:39:22] $output
INFO [2019-10-29 11:39:22] [1] TRUE
INFO [2019-10-29 11:39:22] 
INFO [2019-10-29 11:39:22] $imagetype
INFO [2019-10-29 11:39:22] [1] "tiff"
INFO [2019-10-29 11:39:22] 
INFO [2019-10-29 11:39:22] $scaled
INFO [2019-10-29 11:39:22] [1] TRUE
INFO [2019-10-29 11:39:22] 
INFO [2019-10-29 11:39:22] $units
INFO [2019-10-29 11:39:22] [1] "px"
INFO [2019-10-29 11:39:22] 
INFO [2019-10-29 11:39:22] $resolution
INFO [2019-10-29 11:39:22] [1] 300
INFO [2019-10-29 11:39:22] 
INFO [2019-10-29 11:39:22] $compression
INFO [2019-10-29 11:39:22] [1] "lzw"
INFO [2019-10-29 11:39:22] 
INFO [2019-10-29 11:39:22] $lwd
INFO [2019-10-29 11:39:22] [1] 2
INFO [2019-10-29 11:39:22] 
INFO [2019-10-29 11:39:22] $lty
INFO [2019-10-29 11:39:22] [1] "blank"
INFO [2019-10-29 11:39:22] 
INFO [2019-10-29 11:39:22] $fill
INFO [2019-10-29 11:39:22] myCol
INFO [2019-10-29 11:39:22] 
INFO [2019-10-29 11:39:22] $cex
INFO [2019-10-29 11:39:22] [1] 0.6
INFO [2019-10-29 11:39:22] 
INFO [2019-10-29 11:39:22] $fontface
INFO [2019-10-29 11:39:22] [1] "bold"
INFO [2019-10-29 11:39:22] 
INFO [2019-10-29 11:39:22] $fontfamily
INFO [2019-10-29 11:39:22] [1] "sans"
INFO [2019-10-29 11:39:22] 
INFO [2019-10-29 11:39:22] $cat.cex
INFO [2019-10-29 11:39:22] [1] 0.6
INFO [2019-10-29 11:39:22] 
INFO [2019-10-29 11:39:22] $cat.fontface
INFO [2019-10-29 11:39:22] [1] "bold"
INFO [2019-10-29 11:39:22] 
INFO [2019-10-29 11:39:22] $cat.default.pos
INFO [2019-10-29 11:39:22] [1] "outer"
INFO [2019-10-29 11:39:22] 
INFO [2019-10-29 11:39:22] $cat.pos
INFO [2019-10-29 11:39:22] c(-27, 27, 135)
INFO [2019-10-29 11:39:22] 
INFO [2019-10-29 11:39:22] $cat.dist
INFO [2019-10-29 11:39:22] c(0.055, 0.055, 0.085)
INFO [2019-10-29 11:39:22] 
INFO [2019-10-29 11:39:22] $cat.fontfamily
INFO [2019-10-29 11:39:22] [1] "sans"
INFO [2019-10-29 11:39:22] 
INFO [2019-10-29 11:39:22] $rotation
INFO [2019-10-29 11:39:22] [1] 1
INFO [2019-10-29 11:39:22] 
