INFO [2019-10-29 11:36:10] $x
INFO [2019-10-29 11:36:10] list(list.K_DeepCast_100m_m2_001, list.K_DeepCast_100m_m2_307, 
INFO [2019-10-29 11:36:10]     list.K_DeepCast_100m_m2_321)
INFO [2019-10-29 11:36:10] 
INFO [2019-10-29 11:36:10] $category.names
INFO [2019-10-29 11:36:10] c("K_DeepCast_100m_m2_0016", "K_DeepCast_100m_m2_307", "K_DeepCast_100m_m2_321")
INFO [2019-10-29 11:36:10] 
INFO [2019-10-29 11:36:10] $filename
INFO [2019-10-29 11:36:10] [1] "~/Box/PhD/Research/Lake-Tanganyika/1_Code/VennDiagram-CP/CP_Ziwabacteria_venn_diagramm.tiff"
INFO [2019-10-29 11:36:10] 
INFO [2019-10-29 11:36:10] $output
INFO [2019-10-29 11:36:10] [1] FALSE
INFO [2019-10-29 11:36:10] 
INFO [2019-10-29 11:36:10] $imagetype
INFO [2019-10-29 11:36:10] [1] "tiff"
INFO [2019-10-29 11:36:10] 
INFO [2019-10-29 11:36:10] $scaled
INFO [2019-10-29 11:36:10] [1] TRUE
INFO [2019-10-29 11:36:10] 
INFO [2019-10-29 11:36:10] $units
INFO [2019-10-29 11:36:10] [1] "px"
INFO [2019-10-29 11:36:10] 
INFO [2019-10-29 11:36:10] $resolution
INFO [2019-10-29 11:36:10] [1] 300
INFO [2019-10-29 11:36:10] 
INFO [2019-10-29 11:36:10] $compression
INFO [2019-10-29 11:36:10] [1] "lzw"
INFO [2019-10-29 11:36:10] 
INFO [2019-10-29 11:36:10] $lwd
INFO [2019-10-29 11:36:10] [1] 2
INFO [2019-10-29 11:36:10] 
INFO [2019-10-29 11:36:10] $lty
INFO [2019-10-29 11:36:10] [1] "blank"
INFO [2019-10-29 11:36:10] 
INFO [2019-10-29 11:36:10] $fill
INFO [2019-10-29 11:36:10] myCol
INFO [2019-10-29 11:36:10] 
INFO [2019-10-29 11:36:10] $cex
INFO [2019-10-29 11:36:10] [1] 0.6
INFO [2019-10-29 11:36:10] 
INFO [2019-10-29 11:36:10] $fontface
INFO [2019-10-29 11:36:10] [1] "bold"
INFO [2019-10-29 11:36:10] 
INFO [2019-10-29 11:36:10] $fontfamily
INFO [2019-10-29 11:36:10] [1] "sans"
INFO [2019-10-29 11:36:10] 
INFO [2019-10-29 11:36:10] $cat.cex
INFO [2019-10-29 11:36:10] [1] 0.6
INFO [2019-10-29 11:36:10] 
INFO [2019-10-29 11:36:10] $cat.fontface
INFO [2019-10-29 11:36:10] [1] "bold"
INFO [2019-10-29 11:36:10] 
INFO [2019-10-29 11:36:10] $cat.default.pos
INFO [2019-10-29 11:36:10] [1] "outer"
INFO [2019-10-29 11:36:10] 
INFO [2019-10-29 11:36:10] $cat.pos
INFO [2019-10-29 11:36:10] c(-27, 27, 135)
INFO [2019-10-29 11:36:10] 
INFO [2019-10-29 11:36:10] $cat.dist
INFO [2019-10-29 11:36:10] c(0.055, 0.055, 0.085)
INFO [2019-10-29 11:36:10] 
INFO [2019-10-29 11:36:10] $cat.fontfamily
INFO [2019-10-29 11:36:10] [1] "sans"
INFO [2019-10-29 11:36:10] 
INFO [2019-10-29 11:36:10] $rotation
INFO [2019-10-29 11:36:10] [1] 1
INFO [2019-10-29 11:36:10] 
