INFO [2019-10-29 11:39:18] $x
INFO [2019-10-29 11:39:18] list(list.K_DeepCast_100m_m2_001, list.K_DeepCast_100m_m2_307, 
INFO [2019-10-29 11:39:18]     list.K_DeepCast_100m_m2_321)
INFO [2019-10-29 11:39:18] 
INFO [2019-10-29 11:39:18] $category.names
INFO [2019-10-29 11:39:18] c("K_DeepCast_100m_m2_0016", "K_DeepCast_100m_m2_307", "K_DeepCast_100m_m2_321")
INFO [2019-10-29 11:39:18] 
INFO [2019-10-29 11:39:18] $filename
INFO [2019-10-29 11:39:18] [1] "~/Box/PhD/Research/Lake-Tanganyika/1_Code/VennDiagram-CP/CP_Ziwabacteria_venn_diagramm.tiff"
INFO [2019-10-29 11:39:18] 
INFO [2019-10-29 11:39:18] $output
INFO [2019-10-29 11:39:18] [1] TRUE
INFO [2019-10-29 11:39:18] 
INFO [2019-10-29 11:39:18] $imagetype
INFO [2019-10-29 11:39:18] [1] "tiff"
INFO [2019-10-29 11:39:18] 
INFO [2019-10-29 11:39:18] $scaled
INFO [2019-10-29 11:39:18] [1] TRUE
INFO [2019-10-29 11:39:18] 
INFO [2019-10-29 11:39:18] $units
INFO [2019-10-29 11:39:18] [1] "px"
INFO [2019-10-29 11:39:18] 
INFO [2019-10-29 11:39:18] $resolution
INFO [2019-10-29 11:39:18] [1] 300
INFO [2019-10-29 11:39:18] 
INFO [2019-10-29 11:39:18] $compression
INFO [2019-10-29 11:39:18] [1] "lzw"
INFO [2019-10-29 11:39:18] 
INFO [2019-10-29 11:39:18] $lwd
INFO [2019-10-29 11:39:18] [1] 2
INFO [2019-10-29 11:39:18] 
INFO [2019-10-29 11:39:18] $lty
INFO [2019-10-29 11:39:18] [1] "blank"
INFO [2019-10-29 11:39:18] 
INFO [2019-10-29 11:39:18] $fill
INFO [2019-10-29 11:39:18] myCol
INFO [2019-10-29 11:39:18] 
INFO [2019-10-29 11:39:18] $cex
INFO [2019-10-29 11:39:18] [1] 0.6
INFO [2019-10-29 11:39:18] 
INFO [2019-10-29 11:39:18] $fontface
INFO [2019-10-29 11:39:18] [1] "bold"
INFO [2019-10-29 11:39:18] 
INFO [2019-10-29 11:39:18] $fontfamily
INFO [2019-10-29 11:39:18] [1] "sans"
INFO [2019-10-29 11:39:18] 
INFO [2019-10-29 11:39:18] $cat.cex
INFO [2019-10-29 11:39:18] [1] 0.6
INFO [2019-10-29 11:39:18] 
INFO [2019-10-29 11:39:18] $cat.fontface
INFO [2019-10-29 11:39:18] [1] "bold"
INFO [2019-10-29 11:39:18] 
INFO [2019-10-29 11:39:18] $cat.default.pos
INFO [2019-10-29 11:39:18] [1] "outer"
INFO [2019-10-29 11:39:18] 
INFO [2019-10-29 11:39:18] $cat.pos
INFO [2019-10-29 11:39:18] c(-27, 27, 135)
INFO [2019-10-29 11:39:18] 
INFO [2019-10-29 11:39:18] $cat.dist
INFO [2019-10-29 11:39:18] c(0.055, 0.055, 0.085)
INFO [2019-10-29 11:39:18] 
INFO [2019-10-29 11:39:18] $cat.fontfamily
INFO [2019-10-29 11:39:18] [1] "sans"
INFO [2019-10-29 11:39:18] 
INFO [2019-10-29 11:39:18] $rotation
INFO [2019-10-29 11:39:18] [1] 1
INFO [2019-10-29 11:39:18] 
