INFO [2019-10-29 11:35:06] $x
INFO [2019-10-29 11:35:06] list(list.K_DeepCast_100m_m2_001, list.K_DeepCast_100m_m2_307, 
INFO [2019-10-29 11:35:06]     list.K_DeepCast_100m_m2_321)
INFO [2019-10-29 11:35:06] 
INFO [2019-10-29 11:35:06] $category.names
INFO [2019-10-29 11:35:06] c("K_DeepCast_100m_m2_0016", "K_DeepCast_100m_m2_307", "K_DeepCast_100m_m2_321")
INFO [2019-10-29 11:35:06] 
INFO [2019-10-29 11:35:06] $filename
INFO [2019-10-29 11:35:06] [1] "~/Box/PhD/Research/Lake-Tanganyika/1_Code/VennDiagram-CP/CP_Ziwabacteria_venn_diagramm.tiff"
INFO [2019-10-29 11:35:06] 
INFO [2019-10-29 11:35:06] $output
INFO [2019-10-29 11:35:06] [1] TRUE
INFO [2019-10-29 11:35:06] 
INFO [2019-10-29 11:35:06] $imagetype
INFO [2019-10-29 11:35:06] [1] "tiff"
INFO [2019-10-29 11:35:06] 
INFO [2019-10-29 11:35:06] $scaled
INFO [2019-10-29 11:35:06] [1] TRUE
INFO [2019-10-29 11:35:06] 
INFO [2019-10-29 11:35:06] $units
INFO [2019-10-29 11:35:06] [1] "px"
INFO [2019-10-29 11:35:06] 
INFO [2019-10-29 11:35:06] $resolution
INFO [2019-10-29 11:35:06] [1] 300
INFO [2019-10-29 11:35:06] 
INFO [2019-10-29 11:35:06] $compression
INFO [2019-10-29 11:35:06] [1] "lzw"
INFO [2019-10-29 11:35:06] 
INFO [2019-10-29 11:35:06] $lwd
INFO [2019-10-29 11:35:06] [1] 2
INFO [2019-10-29 11:35:06] 
INFO [2019-10-29 11:35:06] $lty
INFO [2019-10-29 11:35:06] [1] "blank"
INFO [2019-10-29 11:35:06] 
INFO [2019-10-29 11:35:06] $fill
INFO [2019-10-29 11:35:06] myCol
INFO [2019-10-29 11:35:06] 
INFO [2019-10-29 11:35:06] $cex
INFO [2019-10-29 11:35:06] [1] 0.6
INFO [2019-10-29 11:35:06] 
INFO [2019-10-29 11:35:06] $fontface
INFO [2019-10-29 11:35:06] [1] "bold"
INFO [2019-10-29 11:35:06] 
INFO [2019-10-29 11:35:06] $fontfamily
INFO [2019-10-29 11:35:06] [1] "sans"
INFO [2019-10-29 11:35:06] 
INFO [2019-10-29 11:35:06] $cat.cex
INFO [2019-10-29 11:35:06] [1] 0.6
INFO [2019-10-29 11:35:06] 
INFO [2019-10-29 11:35:06] $cat.fontface
INFO [2019-10-29 11:35:06] [1] "bold"
INFO [2019-10-29 11:35:06] 
INFO [2019-10-29 11:35:06] $cat.default.pos
INFO [2019-10-29 11:35:06] [1] "outer"
INFO [2019-10-29 11:35:06] 
INFO [2019-10-29 11:35:06] $cat.pos
INFO [2019-10-29 11:35:06] c(-27, 27, 135)
INFO [2019-10-29 11:35:06] 
INFO [2019-10-29 11:35:06] $cat.dist
INFO [2019-10-29 11:35:06] c(0.055, 0.055, 0.085)
INFO [2019-10-29 11:35:06] 
INFO [2019-10-29 11:35:06] $cat.fontfamily
INFO [2019-10-29 11:35:06] [1] "sans"
INFO [2019-10-29 11:35:06] 
INFO [2019-10-29 11:35:06] $rotation
INFO [2019-10-29 11:35:06] [1] 1
INFO [2019-10-29 11:35:06] 
