INFO [2019-10-29 11:34:59] $x
INFO [2019-10-29 11:34:59] list(list.K_DeepCast_100m_m2_001, list.K_DeepCast_100m_m2_307, 
INFO [2019-10-29 11:34:59]     list.K_DeepCast_100m_m2_321)
INFO [2019-10-29 11:34:59] 
INFO [2019-10-29 11:34:59] $category.names
INFO [2019-10-29 11:34:59] c("K_DeepCast_100m_m2_0016", "K_DeepCast_100m_m2_307", "K_DeepCast_100m_m2_321")
INFO [2019-10-29 11:34:59] 
INFO [2019-10-29 11:34:59] $filename
INFO [2019-10-29 11:34:59] [1] "~/Box/PhD/Research/Lake-Tanganyika/1_Code/VennDiagram-CP/CP_Ziwabacteria_venn_diagramm.tiff"
INFO [2019-10-29 11:34:59] 
INFO [2019-10-29 11:34:59] $output
INFO [2019-10-29 11:34:59] [1] TRUE
INFO [2019-10-29 11:34:59] 
INFO [2019-10-29 11:34:59] $imagetype
INFO [2019-10-29 11:34:59] [1] "tiff"
INFO [2019-10-29 11:34:59] 
INFO [2019-10-29 11:34:59] $scaled
INFO [2019-10-29 11:34:59] [1] TRUE
INFO [2019-10-29 11:34:59] 
INFO [2019-10-29 11:34:59] $units
INFO [2019-10-29 11:34:59] [1] "px"
INFO [2019-10-29 11:34:59] 
INFO [2019-10-29 11:34:59] $resolution
INFO [2019-10-29 11:34:59] [1] 300
INFO [2019-10-29 11:34:59] 
INFO [2019-10-29 11:34:59] $compression
INFO [2019-10-29 11:34:59] [1] "lzw"
INFO [2019-10-29 11:34:59] 
INFO [2019-10-29 11:34:59] $lwd
INFO [2019-10-29 11:34:59] [1] 2
INFO [2019-10-29 11:34:59] 
INFO [2019-10-29 11:34:59] $lty
INFO [2019-10-29 11:34:59] [1] "blank"
INFO [2019-10-29 11:34:59] 
INFO [2019-10-29 11:34:59] $fill
INFO [2019-10-29 11:34:59] myCol
INFO [2019-10-29 11:34:59] 
INFO [2019-10-29 11:34:59] $cex
INFO [2019-10-29 11:34:59] [1] 0.6
INFO [2019-10-29 11:34:59] 
INFO [2019-10-29 11:34:59] $fontface
INFO [2019-10-29 11:34:59] [1] "bold"
INFO [2019-10-29 11:34:59] 
INFO [2019-10-29 11:34:59] $fontfamily
INFO [2019-10-29 11:34:59] [1] "sans"
INFO [2019-10-29 11:34:59] 
INFO [2019-10-29 11:34:59] $cat.cex
INFO [2019-10-29 11:34:59] [1] 0.6
INFO [2019-10-29 11:34:59] 
INFO [2019-10-29 11:34:59] $cat.fontface
INFO [2019-10-29 11:34:59] [1] "bold"
INFO [2019-10-29 11:34:59] 
INFO [2019-10-29 11:34:59] $cat.default.pos
INFO [2019-10-29 11:34:59] [1] "outer"
INFO [2019-10-29 11:34:59] 
INFO [2019-10-29 11:34:59] $cat.pos
INFO [2019-10-29 11:34:59] c(-27, 27, 135)
INFO [2019-10-29 11:34:59] 
INFO [2019-10-29 11:34:59] $cat.dist
INFO [2019-10-29 11:34:59] c(0.055, 0.055, 0.085)
INFO [2019-10-29 11:34:59] 
INFO [2019-10-29 11:34:59] $cat.fontfamily
INFO [2019-10-29 11:34:59] [1] "sans"
INFO [2019-10-29 11:34:59] 
INFO [2019-10-29 11:34:59] $rotation
INFO [2019-10-29 11:34:59] [1] 1
INFO [2019-10-29 11:34:59] 
