INFO [2019-10-29 11:39:35] $x
INFO [2019-10-29 11:39:35] list(list.K_DeepCast_100m_m2_001, list.K_DeepCast_100m_m2_307, 
INFO [2019-10-29 11:39:35]     list.K_DeepCast_100m_m2_321)
INFO [2019-10-29 11:39:35] 
INFO [2019-10-29 11:39:35] $category.names
INFO [2019-10-29 11:39:35] c("K_DeepCast_100m_m2_0016", "K_DeepCast_100m_m2_307", "K_DeepCast_100m_m2_321")
INFO [2019-10-29 11:39:35] 
INFO [2019-10-29 11:39:35] $filename
INFO [2019-10-29 11:39:35] [1] "~/Box/PhD/Research/Lake-Tanganyika/1_Code/VennDiagram-CP/CP_Ziwabacteria_venn_diagramm.tiff"
INFO [2019-10-29 11:39:35] 
INFO [2019-10-29 11:39:35] $output
INFO [2019-10-29 11:39:35] [1] TRUE
INFO [2019-10-29 11:39:35] 
INFO [2019-10-29 11:39:35] $imagetype
INFO [2019-10-29 11:39:35] [1] "tiff"
INFO [2019-10-29 11:39:35] 
INFO [2019-10-29 11:39:35] $scaled
INFO [2019-10-29 11:39:35] [1] TRUE
INFO [2019-10-29 11:39:35] 
INFO [2019-10-29 11:39:35] $units
INFO [2019-10-29 11:39:35] [1] "px"
INFO [2019-10-29 11:39:35] 
INFO [2019-10-29 11:39:35] $resolution
INFO [2019-10-29 11:39:35] [1] 300
INFO [2019-10-29 11:39:35] 
INFO [2019-10-29 11:39:35] $compression
INFO [2019-10-29 11:39:35] [1] "lzw"
INFO [2019-10-29 11:39:35] 
INFO [2019-10-29 11:39:35] $lwd
INFO [2019-10-29 11:39:35] [1] 2
INFO [2019-10-29 11:39:35] 
INFO [2019-10-29 11:39:35] $lty
INFO [2019-10-29 11:39:35] [1] "blank"
INFO [2019-10-29 11:39:35] 
INFO [2019-10-29 11:39:35] $fill
INFO [2019-10-29 11:39:35] myCol
INFO [2019-10-29 11:39:35] 
INFO [2019-10-29 11:39:35] $cex
INFO [2019-10-29 11:39:35] [1] 0.6
INFO [2019-10-29 11:39:35] 
INFO [2019-10-29 11:39:35] $fontface
INFO [2019-10-29 11:39:35] [1] "bold"
INFO [2019-10-29 11:39:35] 
INFO [2019-10-29 11:39:35] $fontfamily
INFO [2019-10-29 11:39:35] [1] "sans"
INFO [2019-10-29 11:39:35] 
INFO [2019-10-29 11:39:35] $cat.cex
INFO [2019-10-29 11:39:35] [1] 0.6
INFO [2019-10-29 11:39:35] 
INFO [2019-10-29 11:39:35] $cat.fontface
INFO [2019-10-29 11:39:35] [1] "bold"
INFO [2019-10-29 11:39:35] 
INFO [2019-10-29 11:39:35] $cat.default.pos
INFO [2019-10-29 11:39:35] [1] "outer"
INFO [2019-10-29 11:39:35] 
INFO [2019-10-29 11:39:35] $cat.pos
INFO [2019-10-29 11:39:35] c(-27, 27, 135)
INFO [2019-10-29 11:39:35] 
INFO [2019-10-29 11:39:35] $cat.dist
INFO [2019-10-29 11:39:35] c(0.055, 0.055, 0.085)
INFO [2019-10-29 11:39:35] 
INFO [2019-10-29 11:39:35] $cat.fontfamily
INFO [2019-10-29 11:39:35] [1] "sans"
INFO [2019-10-29 11:39:35] 
INFO [2019-10-29 11:39:35] $rotation
INFO [2019-10-29 11:39:35] [1] 1
INFO [2019-10-29 11:39:35] 
